<?xml version="1.0" encoding="UTF-8" ?>
<testsuite tests="2" failures="0" name="TestSuite" time="3.169" errors="0" skipped="0">
  <properties>
    <property name="java.runtime.name" value="Java(TM) SE Runtime Environment"/>
    <property name="sun.boot.library.path" value="C:\Program Files\Java\jdk1.8.0_40\jre\bin"/>
    <property name="java.vm.version" value="25.40-b25"/>
    <property name="java.vm.vendor" value="Oracle Corporation"/>
    <property name="java.vendor.url" value="http://java.oracle.com/"/>
    <property name="path.separator" value=";"/>
    <property name="java.vm.name" value="Java HotSpot(TM) 64-Bit Server VM"/>
    <property name="file.encoding.pkg" value="sun.io"/>
    <property name="user.script" value=""/>
    <property name="user.country" value="US"/>
    <property name="sun.java.launcher" value="SUN_STANDARD"/>
    <property name="sun.os.patch.level" value=""/>
    <property name="java.vm.specification.name" value="Java Virtual Machine Specification"/>
    <property name="user.dir" value="C:\Users\Sateesh NV\workspace4\com.weather.TWC"/>
    <property name="java.runtime.version" value="1.8.0_40-b25"/>
    <property name="java.awt.graphicsenv" value="sun.awt.Win32GraphicsEnvironment"/>
    <property name="basedir" value="C:\Users\Sateesh NV\workspace4\com.weather.TWC"/>
    <property name="java.endorsed.dirs" value="C:\Program Files\Java\jdk1.8.0_40\jre\lib\endorsed"/>
    <property name="os.arch" value="amd64"/>
    <property name="surefire.real.class.path" value="C:\Users\SATEES~1\AppData\Local\Temp\surefirebooter6355076813123848001.jar"/>
    <property name="java.io.tmpdir" value="C:\Users\SATEES~1\AppData\Local\Temp\"/>
    <property name="line.separator" value="
"/>
    <property name="java.vm.specification.vendor" value="Oracle Corporation"/>
    <property name="user.variant" value=""/>
    <property name="os.name" value="Windows 8.1"/>
    <property name="sun.jnu.encoding" value="Cp1252"/>
    <property name="java.library.path" value="C:\Program Files\Java\jdk1.8.0_40\jre\bin;C:\WINDOWS\Sun\Java\bin;C:\WINDOWS\system32;C:\WINDOWS;C:\ProgramData\Oracle\Java\javapath;C:\Program Files (x86)\Intel\iCLS Client\;C:\Program Files\Intel\iCLS Client\;C:\Program Files (x86)\AMD APP\bin\x86_64;C:\Program Files (x86)\AMD APP\bin\x86;C:\WINDOWS\system32;C:\WINDOWS;C:\WINDOWS\System32\Wbem;C:\WINDOWS\System32\WindowsPowerShell\v1.0\;C:\Program Files (x86)\ATI Technologies\ATI.ACE\Core-Static;C:\Program Files\Intel\Intel(R) Management Engine Components\DAL;C:\Program Files\Intel\Intel(R) Management Engine Components\IPT;C:\Program Files (x86)\Intel\Intel(R) Management Engine Components\DAL;C:\Program Files (x86)\Intel\Intel(R) Management Engine Components\IPT;C:\Program Files\Sony\VAIO Improvement\;C:\Program Files (x86)\Sony\VAIO Startup Setting Tool;C:\Program Files\nodejs\;D:\Android\sdk\platforms;D:\Android\sdk\platform-tools;D:\Android\sdk\tools;C:\WINDOWS\system32\config\systemprofile\.dnx\bin;C:\Program Files\Microsoft DNX\Dnvm\;C:\Program Files\Java\jdk1.8.0_40\bin;C:\Program Files (x86)\Skype\Phone\;E:\Maven\apache-maven-3.3.3-bin\apache-maven-3.3.3\bin;D:\Selenium_Stuff\Automation_sikuli\libs;."/>
    <property name="surefire.test.class.path" value="C:\Users\Sateesh NV\workspace4\com.weather.TWC\target\test-classes;C:\Users\Sateesh NV\workspace4\com.weather.TWC\target\classes;C:\Users\Sateesh NV\.m2\repository\org\testng\testng\6.9.4\testng-6.9.4.jar;C:\Users\Sateesh NV\.m2\repository\org\beanshell\bsh\2.0b4\bsh-2.0b4.jar;C:\Users\Sateesh NV\.m2\repository\com\beust\jcommander\1.48\jcommander-1.48.jar;C:\Users\Sateesh NV\.m2\repository\org\seleniumhq\selenium\selenium-server\2.47.1\selenium-server-2.47.1.jar;C:\Users\Sateesh NV\.m2\repository\org\bouncycastle\bcprov-jdk15on\1.48\bcprov-jdk15on-1.48.jar;C:\Users\Sateesh NV\.m2\repository\org\bouncycastle\bcpkix-jdk15on\1.48\bcpkix-jdk15on-1.48.jar;C:\Users\Sateesh NV\.m2\repository\mx4j\mx4j-tools\3.0.1\mx4j-tools-3.0.1.jar;C:\Users\Sateesh NV\.m2\repository\org\mortbay\jetty\servlet-api-2.5\6.1.9\servlet-api-2.5-6.1.9.jar;C:\Users\Sateesh NV\.m2\repository\org\seleniumhq\selenium\jetty-repacked\7.6.1\jetty-repacked-7.6.1.jar;C:\Users\Sateesh NV\.m2\repository\org\seleniumhq\selenium\jetty-rc-repacked\5\jetty-rc-repacked-5.jar;C:\Users\Sateesh NV\.m2\repository\net\jcip\jcip-annotations\1.0\jcip-annotations-1.0.jar;C:\Users\Sateesh NV\.m2\repository\org\yaml\snakeyaml\1.8\snakeyaml-1.8.jar;C:\Users\Sateesh NV\.m2\repository\commons-codec\commons-codec\1.10\commons-codec-1.10.jar;C:\Users\Sateesh NV\.m2\repository\org\seleniumhq\selenium\selenium-java\2.47.1\selenium-java-2.47.1.jar;C:\Users\Sateesh NV\.m2\repository\org\seleniumhq\selenium\selenium-chrome-driver\2.47.1\selenium-chrome-driver-2.47.1.jar;C:\Users\Sateesh NV\.m2\repository\org\seleniumhq\selenium\selenium-remote-driver\2.47.1\selenium-remote-driver-2.47.1.jar;C:\Users\Sateesh NV\.m2\repository\cglib\cglib-nodep\2.1_3\cglib-nodep-2.1_3.jar;C:\Users\Sateesh NV\.m2\repository\com\google\code\gson\gson\2.3.1\gson-2.3.1.jar;C:\Users\Sateesh NV\.m2\repository\org\seleniumhq\selenium\selenium-api\2.47.1\selenium-api-2.47.1.jar;C:\Users\Sateesh NV\.m2\repository\com\google\guava\guava\18.0\guava-18.0.jar;C:\Users\Sateesh NV\.m2\repository\org\seleniumhq\selenium\selenium-edge-driver\2.47.1\selenium-edge-driver-2.47.1.jar;C:\Users\Sateesh NV\.m2\repository\commons-io\commons-io\2.4\commons-io-2.4.jar;C:\Users\Sateesh NV\.m2\repository\org\apache\commons\commons-exec\1.3\commons-exec-1.3.jar;C:\Users\Sateesh NV\.m2\repository\org\seleniumhq\selenium\selenium-htmlunit-driver\2.47.1\selenium-htmlunit-driver-2.47.1.jar;C:\Users\Sateesh NV\.m2\repository\net\sourceforge\htmlunit\htmlunit\2.17\htmlunit-2.17.jar;C:\Users\Sateesh NV\.m2\repository\xalan\xalan\2.7.2\xalan-2.7.2.jar;C:\Users\Sateesh NV\.m2\repository\xalan\serializer\2.7.2\serializer-2.7.2.jar;C:\Users\Sateesh NV\.m2\repository\commons-collections\commons-collections\3.2.1\commons-collections-3.2.1.jar;C:\Users\Sateesh NV\.m2\repository\org\apache\commons\commons-lang3\3.4\commons-lang3-3.4.jar;C:\Users\Sateesh NV\.m2\repository\org\apache\httpcomponents\httpmime\4.4.1\httpmime-4.4.1.jar;C:\Users\Sateesh NV\.m2\repository\net\sourceforge\htmlunit\htmlunit-core-js\2.17\htmlunit-core-js-2.17.jar;C:\Users\Sateesh NV\.m2\repository\xerces\xercesImpl\2.11.0\xercesImpl-2.11.0.jar;C:\Users\Sateesh NV\.m2\repository\xml-apis\xml-apis\1.4.01\xml-apis-1.4.01.jar;C:\Users\Sateesh NV\.m2\repository\net\sourceforge\nekohtml\nekohtml\1.9.22\nekohtml-1.9.22.jar;C:\Users\Sateesh NV\.m2\repository\net\sourceforge\cssparser\cssparser\0.9.16\cssparser-0.9.16.jar;C:\Users\Sateesh NV\.m2\repository\org\w3c\css\sac\1.3\sac-1.3.jar;C:\Users\Sateesh NV\.m2\repository\commons-logging\commons-logging\1.2\commons-logging-1.2.jar;C:\Users\Sateesh NV\.m2\repository\org\eclipse\jetty\websocket\websocket-client\9.2.11.v20150529\websocket-client-9.2.11.v20150529.jar;C:\Users\Sateesh NV\.m2\repository\org\eclipse\jetty\jetty-util\9.2.11.v20150529\jetty-util-9.2.11.v20150529.jar;C:\Users\Sateesh NV\.m2\repository\org\eclipse\jetty\jetty-io\9.2.11.v20150529\jetty-io-9.2.11.v20150529.jar;C:\Users\Sateesh NV\.m2\repository\org\eclipse\jetty\websocket\websocket-common\9.2.11.v20150529\websocket-common-9.2.11.v20150529.jar;C:\Users\Sateesh NV\.m2\repository\org\eclipse\jetty\websocket\websocket-api\9.2.11.v20150529\websocket-api-9.2.11.v20150529.jar;C:\Users\Sateesh NV\.m2\repository\org\apache\httpcomponents\httpclient\4.4.1\httpclient-4.4.1.jar;C:\Users\Sateesh NV\.m2\repository\org\apache\httpcomponents\httpcore\4.4.1\httpcore-4.4.1.jar;C:\Users\Sateesh NV\.m2\repository\org\seleniumhq\selenium\selenium-firefox-driver\2.47.1\selenium-firefox-driver-2.47.1.jar;C:\Users\Sateesh NV\.m2\repository\org\seleniumhq\selenium\selenium-ie-driver\2.47.1\selenium-ie-driver-2.47.1.jar;C:\Users\Sateesh NV\.m2\repository\net\java\dev\jna\jna\4.1.0\jna-4.1.0.jar;C:\Users\Sateesh NV\.m2\repository\net\java\dev\jna\jna-platform\4.1.0\jna-platform-4.1.0.jar;C:\Users\Sateesh NV\.m2\repository\org\seleniumhq\selenium\selenium-safari-driver\2.47.1\selenium-safari-driver-2.47.1.jar;C:\Users\Sateesh NV\.m2\repository\org\seleniumhq\selenium\selenium-support\2.47.1\selenium-support-2.47.1.jar;C:\Users\Sateesh NV\.m2\repository\org\webbitserver\webbit\0.4.14\webbit-0.4.14.jar;C:\Users\Sateesh NV\.m2\repository\io\netty\netty\3.5.2.Final\netty-3.5.2.Final.jar;C:\Users\Sateesh NV\.m2\repository\org\seleniumhq\selenium\selenium-leg-rc\2.47.1\selenium-leg-rc-2.47.1.jar;"/>
    <property name="java.specification.name" value="Java Platform API Specification"/>
    <property name="java.class.version" value="52.0"/>
    <property name="sun.management.compiler" value="HotSpot 64-Bit Tiered Compilers"/>
    <property name="os.version" value="6.3"/>
    <property name="user.home" value="C:\Users\Sateesh NV"/>
    <property name="user.timezone" value="Asia/Calcutta"/>
    <property name="java.awt.printerjob" value="sun.awt.windows.WPrinterJob"/>
    <property name="java.specification.version" value="1.8"/>
    <property name="file.encoding" value="Cp1252"/>
    <property name="user.name" value="Sateesh NV"/>
    <property name="java.class.path" value="C:\Users\Sateesh NV\workspace4\com.weather.TWC\target\test-classes;C:\Users\Sateesh NV\workspace4\com.weather.TWC\target\classes;C:\Users\Sateesh NV\.m2\repository\org\testng\testng\6.9.4\testng-6.9.4.jar;C:\Users\Sateesh NV\.m2\repository\org\beanshell\bsh\2.0b4\bsh-2.0b4.jar;C:\Users\Sateesh NV\.m2\repository\com\beust\jcommander\1.48\jcommander-1.48.jar;C:\Users\Sateesh NV\.m2\repository\org\seleniumhq\selenium\selenium-server\2.47.1\selenium-server-2.47.1.jar;C:\Users\Sateesh NV\.m2\repository\org\bouncycastle\bcprov-jdk15on\1.48\bcprov-jdk15on-1.48.jar;C:\Users\Sateesh NV\.m2\repository\org\bouncycastle\bcpkix-jdk15on\1.48\bcpkix-jdk15on-1.48.jar;C:\Users\Sateesh NV\.m2\repository\mx4j\mx4j-tools\3.0.1\mx4j-tools-3.0.1.jar;C:\Users\Sateesh NV\.m2\repository\org\mortbay\jetty\servlet-api-2.5\6.1.9\servlet-api-2.5-6.1.9.jar;C:\Users\Sateesh NV\.m2\repository\org\seleniumhq\selenium\jetty-repacked\7.6.1\jetty-repacked-7.6.1.jar;C:\Users\Sateesh NV\.m2\repository\org\seleniumhq\selenium\jetty-rc-repacked\5\jetty-rc-repacked-5.jar;C:\Users\Sateesh NV\.m2\repository\net\jcip\jcip-annotations\1.0\jcip-annotations-1.0.jar;C:\Users\Sateesh NV\.m2\repository\org\yaml\snakeyaml\1.8\snakeyaml-1.8.jar;C:\Users\Sateesh NV\.m2\repository\commons-codec\commons-codec\1.10\commons-codec-1.10.jar;C:\Users\Sateesh NV\.m2\repository\org\seleniumhq\selenium\selenium-java\2.47.1\selenium-java-2.47.1.jar;C:\Users\Sateesh NV\.m2\repository\org\seleniumhq\selenium\selenium-chrome-driver\2.47.1\selenium-chrome-driver-2.47.1.jar;C:\Users\Sateesh NV\.m2\repository\org\seleniumhq\selenium\selenium-remote-driver\2.47.1\selenium-remote-driver-2.47.1.jar;C:\Users\Sateesh NV\.m2\repository\cglib\cglib-nodep\2.1_3\cglib-nodep-2.1_3.jar;C:\Users\Sateesh NV\.m2\repository\com\google\code\gson\gson\2.3.1\gson-2.3.1.jar;C:\Users\Sateesh NV\.m2\repository\org\seleniumhq\selenium\selenium-api\2.47.1\selenium-api-2.47.1.jar;C:\Users\Sateesh NV\.m2\repository\com\google\guava\guava\18.0\guava-18.0.jar;C:\Users\Sateesh NV\.m2\repository\org\seleniumhq\selenium\selenium-edge-driver\2.47.1\selenium-edge-driver-2.47.1.jar;C:\Users\Sateesh NV\.m2\repository\commons-io\commons-io\2.4\commons-io-2.4.jar;C:\Users\Sateesh NV\.m2\repository\org\apache\commons\commons-exec\1.3\commons-exec-1.3.jar;C:\Users\Sateesh NV\.m2\repository\org\seleniumhq\selenium\selenium-htmlunit-driver\2.47.1\selenium-htmlunit-driver-2.47.1.jar;C:\Users\Sateesh NV\.m2\repository\net\sourceforge\htmlunit\htmlunit\2.17\htmlunit-2.17.jar;C:\Users\Sateesh NV\.m2\repository\xalan\xalan\2.7.2\xalan-2.7.2.jar;C:\Users\Sateesh NV\.m2\repository\xalan\serializer\2.7.2\serializer-2.7.2.jar;C:\Users\Sateesh NV\.m2\repository\commons-collections\commons-collections\3.2.1\commons-collections-3.2.1.jar;C:\Users\Sateesh NV\.m2\repository\org\apache\commons\commons-lang3\3.4\commons-lang3-3.4.jar;C:\Users\Sateesh NV\.m2\repository\org\apache\httpcomponents\httpmime\4.4.1\httpmime-4.4.1.jar;C:\Users\Sateesh NV\.m2\repository\net\sourceforge\htmlunit\htmlunit-core-js\2.17\htmlunit-core-js-2.17.jar;C:\Users\Sateesh NV\.m2\repository\xerces\xercesImpl\2.11.0\xercesImpl-2.11.0.jar;C:\Users\Sateesh NV\.m2\repository\xml-apis\xml-apis\1.4.01\xml-apis-1.4.01.jar;C:\Users\Sateesh NV\.m2\repository\net\sourceforge\nekohtml\nekohtml\1.9.22\nekohtml-1.9.22.jar;C:\Users\Sateesh NV\.m2\repository\net\sourceforge\cssparser\cssparser\0.9.16\cssparser-0.9.16.jar;C:\Users\Sateesh NV\.m2\repository\org\w3c\css\sac\1.3\sac-1.3.jar;C:\Users\Sateesh NV\.m2\repository\commons-logging\commons-logging\1.2\commons-logging-1.2.jar;C:\Users\Sateesh NV\.m2\repository\org\eclipse\jetty\websocket\websocket-client\9.2.11.v20150529\websocket-client-9.2.11.v20150529.jar;C:\Users\Sateesh NV\.m2\repository\org\eclipse\jetty\jetty-util\9.2.11.v20150529\jetty-util-9.2.11.v20150529.jar;C:\Users\Sateesh NV\.m2\repository\org\eclipse\jetty\jetty-io\9.2.11.v20150529\jetty-io-9.2.11.v20150529.jar;C:\Users\Sateesh NV\.m2\repository\org\eclipse\jetty\websocket\websocket-common\9.2.11.v20150529\websocket-common-9.2.11.v20150529.jar;C:\Users\Sateesh NV\.m2\repository\org\eclipse\jetty\websocket\websocket-api\9.2.11.v20150529\websocket-api-9.2.11.v20150529.jar;C:\Users\Sateesh NV\.m2\repository\org\apache\httpcomponents\httpclient\4.4.1\httpclient-4.4.1.jar;C:\Users\Sateesh NV\.m2\repository\org\apache\httpcomponents\httpcore\4.4.1\httpcore-4.4.1.jar;C:\Users\Sateesh NV\.m2\repository\org\seleniumhq\selenium\selenium-firefox-driver\2.47.1\selenium-firefox-driver-2.47.1.jar;C:\Users\Sateesh NV\.m2\repository\org\seleniumhq\selenium\selenium-ie-driver\2.47.1\selenium-ie-driver-2.47.1.jar;C:\Users\Sateesh NV\.m2\repository\net\java\dev\jna\jna\4.1.0\jna-4.1.0.jar;C:\Users\Sateesh NV\.m2\repository\net\java\dev\jna\jna-platform\4.1.0\jna-platform-4.1.0.jar;C:\Users\Sateesh NV\.m2\repository\org\seleniumhq\selenium\selenium-safari-driver\2.47.1\selenium-safari-driver-2.47.1.jar;C:\Users\Sateesh NV\.m2\repository\org\seleniumhq\selenium\selenium-support\2.47.1\selenium-support-2.47.1.jar;C:\Users\Sateesh NV\.m2\repository\org\webbitserver\webbit\0.4.14\webbit-0.4.14.jar;C:\Users\Sateesh NV\.m2\repository\io\netty\netty\3.5.2.Final\netty-3.5.2.Final.jar;C:\Users\Sateesh NV\.m2\repository\org\seleniumhq\selenium\selenium-leg-rc\2.47.1\selenium-leg-rc-2.47.1.jar;"/>
    <property name="java.vm.specification.version" value="1.8"/>
    <property name="sun.arch.data.model" value="64"/>
    <property name="java.home" value="C:\Program Files\Java\jdk1.8.0_40\jre"/>
    <property name="sun.java.command" value="C:\Users\SATEES~1\AppData\Local\Temp\surefirebooter6355076813123848001.jar C:\Users\SATEES~1\AppData\Local\Temp\surefire3915922975651724257tmp C:\Users\SATEES~1\AppData\Local\Temp\surefire4142614434371312425tmp"/>
    <property name="java.specification.vendor" value="Oracle Corporation"/>
    <property name="user.language" value="en"/>
    <property name="awt.toolkit" value="sun.awt.windows.WToolkit"/>
    <property name="java.vm.info" value="mixed mode"/>
    <property name="java.version" value="1.8.0_40"/>
    <property name="java.ext.dirs" value="C:\Program Files\Java\jdk1.8.0_40\jre\lib\ext;C:\WINDOWS\Sun\Java\lib\ext"/>
    <property name="sun.boot.class.path" value="C:\Program Files\Java\jdk1.8.0_40\jre\lib\resources.jar;C:\Program Files\Java\jdk1.8.0_40\jre\lib\rt.jar;C:\Program Files\Java\jdk1.8.0_40\jre\lib\sunrsasign.jar;C:\Program Files\Java\jdk1.8.0_40\jre\lib\jsse.jar;C:\Program Files\Java\jdk1.8.0_40\jre\lib\jce.jar;C:\Program Files\Java\jdk1.8.0_40\jre\lib\charsets.jar;C:\Program Files\Java\jdk1.8.0_40\jre\lib\jfr.jar;C:\Program Files\Java\jdk1.8.0_40\jre\classes"/>
    <property name="java.vendor" value="Oracle Corporation"/>
    <property name="localRepository" value="C:\Users\Sateesh NV\.m2\repository"/>
    <property name="file.separator" value="\"/>
    <property name="java.vendor.url.bug" value="http://bugreport.sun.com/bugreport/"/>
    <property name="sun.cpu.endian" value="little"/>
    <property name="sun.io.unicode.encoding" value="UnicodeLittle"/>
    <property name="sun.desktop" value="windows"/>
    <property name="sun.cpu.isalist" value="amd64"/>
  </properties>
  <testcase classname="com.weather.TWC.MavenDemo" name="testMavenDemo" time="0.043"/>
  <testcase classname="com.weather.TWC.NewTest" name="test" time="0"/>
</testsuite>