<?xml version="1.0" encoding="UTF-8"?>
<!-- Generated by org.testng.reporters.JUnitReportReporter -->
<testsuite hostname="VAIO" name="com.weather.TWC.MavenDemo" tests="1" failures="0" timestamp="12 Sep 2015 21:23:28 GMT" time="0.033" errors="0">
  <testcase name="testMavenDemo" time="0.033" classname="com.weather.TWC.MavenDemo"/>
</testsuite> <!-- com.weather.TWC.MavenDemo -->
