<?xml version="1.0" encoding="UTF-8"?>
<!-- Generated by org.testng.reporters.JUnitReportReporter -->
<testsuite hostname="VAIO" name="com.weather.TWC.NewTest" tests="1" failures="0" timestamp="12 Sep 2015 21:25:58 GMT" time="0.000" errors="0">
  <testcase name="test" time="0.000" classname="com.weather.TWC.NewTest"/>
</testsuite> <!-- com.weather.TWC.NewTest -->
